<?xml version="1.0" encoding="UTF-8"?>
<!-- Generated by org.testng.reporters.JUnitXMLReporter -->
<testsuite ignored="0" hostname="DESKTOP-TBOL1RV" failures="0" tests="3" name="uilocal" time="17.827" errors="0" timestamp="2022-03-25T16:21:26 IST">
  <testcase classname="com.ficusrealtime.runner.BasicRunner" name="Setup" time="5.804"/>
  <testcase classname="com.ficusrealtime.runner.BasicRunner" name="runScenario" time="10.716"/>
  <testcase classname="com.ficusrealtime.runner.BasicRunner" name="tearDown" time="0.905"/>
</testsuite> <!-- uilocal -->
